Arguments: 
  C:\Program Files\nodejs\node.exe C:\Users\HP\AppData\Roaming\npm\node_modules\yarn\bin\yarn.js install

PATH: 
  C:\Program Files (x86)\Common Files\Oracle\Java\javapath;C:\Program Files (x86)\Common Files\Intel\Shared Libraries\redist\intel64\compiler;C:\Windows\system32;C:\Windows;C:\Windows\System32\Wbem;C:\Windows\System32\WindowsPowerShell\v1.0\;C:\Windows\System32\OpenSSH\;C:\Program Files\Microsoft SQL Server\150\Tools\Binn\;C:\Program Files\Microsoft SQL Server\Client SDK\ODBC\170\Tools\Binn\;C:\Program Files\dotnet\;C:\Program Files\Git\cmd;C:\Program Files\nodejs\;C:\Users\HP\.cargo\bin;C:\Users\HP\AppData\Local\Microsoft\WindowsApps;C:\Users\HP\AppData\Local\Programs\Microsoft VS Code\bin;C:\Users\HP\.dotnet\tools;C:\Users\HP\AppData\Roaming\npm

Yarn version: 
  1.22.19

Node version: 
  18.16.0

Platform: 
  win32 x64

Trace: 
  Error: https://registry.yarnpkg.com/rxjs/-/rxjs-7.8.1.tgz: ESOCKETTIMEDOUT
      at ClientRequest.<anonymous> (C:\Users\HP\AppData\Roaming\npm\node_modules\yarn\lib\cli.js:141517:19)
      at Object.onceWrapper (node:events:627:28)
      at ClientRequest.emit (node:events:513:28)
      at TLSSocket.emitRequestTimeout (node:_http_client:848:9)
      at Object.onceWrapper (node:events:627:28)
      at TLSSocket.emit (node:events:525:35)
      at Socket._onTimeout (node:net:570:8)
      at listOnTimeout (node:internal/timers:569:17)
      at process.processTimers (node:internal/timers:512:7)

npm manifest: 
  {
    "name": "dapp",
    "version": "0.1.1",
    "private": true,
    "dependencies": {
      "@gear-js/api": "0.31.2",
      "@gear-js/react-hooks": "0.5.18",
      "@gear-js/ui": "0.5.19",
      "@mantine/form": "6.0.8",
      "@polkadot/api": "10.7.1",
      "@polkadot/extension-dapp": "0.46.3",
      "@polkadot/react-identicon": "3.1.4",
      "@polkadot/types": "10.7.1",
      "@polkadot/util": "12.2.1",
      "@polkadot/wasm-crypto": "7.2.1",
      "@testing-library/jest-dom": "5.16.4",
      "@testing-library/react": "13.2.0",
      "@testing-library/user-event": "13.5.0",
      "@types/jest": "27.5.1",
      "@types/node": "18.15.11",
      "@types/react": "18.0.37",
      "@types/react-dom": "18.0.11",
      "assert": "2.0.0",
      "buffer": "6.0.3",
      "clsx": "1.2.1",
      "react": "18.2.0",
      "react-dom": "18.2.0",
      "react-router-dom": "6.10.0",
      "react-scripts": "5.0.1",
      "react-transition-group": "4.4.5",
      "sass": "1.62.0",
      "typescript": "4.9.5",
      "web-vitals": "3.3.1"
    },
    "scripts": {
      "start": "react-app-rewired start",
      "build": "react-app-rewired build",
      "test": "react-app-rewired test",
      "eject": "react-scripts eject"
    },
    "eslintConfig": {
      "extends": "react-app"
    },
    "browserslist": {
      "production": [
        "chrome >= 67",
        "edge >= 79",
        "firefox >= 68",
        "opera >= 54",
        "safari >= 14"
      ],
      "development": [
        "last 1 chrome version",
        "last 1 firefox version",
        "last 1 safari version"
      ]
    },
    "devDependencies": {
      "@typescript-eslint/eslint-plugin": "5.25.0",
      "@typescript-eslint/parser": "5.25.0",
      "eslint": "8.16.0",
      "eslint-config-airbnb": "19.0.4",
      "eslint-config-airbnb-typescript": "17.0.0",
      "eslint-config-prettier": "8.8.0",
      "eslint-plugin-import": "2.27.5",
      "eslint-plugin-jsx-a11y": "6.7.1",
      "eslint-plugin-react": "7.32.2",
      "eslint-plugin-react-hooks": "4.6.0",
      "react-app-rewired": "2.2.1"
    },
    "lint-staged": {
      "./**/*.{js,css,ts,tsx}": "eslint --fix"
    }
  }

yarn manifest: 
  No manifest

Lockfile: 
  No lockfile
